2023-01-15 08:44:34,554 INFO c.n.c.d.h.a.FirstRestApi [http-nio-8080-exec-2] Nikhil message log: L2lOQhX3VNCWK0dcUDCv
2023-01-15 08:44:34,665 INFO c.n.c.d.h.a.FirstRestApi [http-nio-8080-exec-3] Nikhil message log: wQXzi915qnwJqS06D77S
2023-01-15 08:44:34,747 INFO c.n.c.d.h.a.FirstRestApi [http-nio-8080-exec-5] Nikhil message log: ZJRAIcZmYpRJ08LwRhk4
2023-01-15 08:44:34,832 INFO c.n.c.d.h.a.FirstRestApi [http-nio-8080-exec-4] Nikhil message log: k5SFCcgELWI9m4GNVFdO
2023-01-15 08:44:34,915 INFO c.n.c.d.h.a.FirstRestApi [http-nio-8080-exec-6] Nikhil message log: nkf1XnVHzidBuBuixe1o
2023-01-15 08:44:34,997 INFO c.n.c.d.h.a.FirstRestApi [http-nio-8080-exec-7] Nikhil message log: GoQ9VWZ8knFbBtzjj9r1
2023-01-15 08:58:55,920 INFO c.n.c.d.h.a.FirstRestApi [http-nio-8080-exec-10] Nikhil message log: JjxEqyOj1gFp8CnzweuB
2023-01-15 08:58:56,144 INFO c.n.c.d.h.a.FirstRestApi [http-nio-8080-exec-1] Nikhil message log: BDTxvzHAdVWLHueTGnG4
2023-01-15 08:58:56,347 INFO c.n.c.d.h.a.FirstRestApi [http-nio-8080-exec-2] Nikhil message log: CjFiOZ6GjO7C1lB3e2bB
2023-01-15 08:58:56,547 INFO c.n.c.d.h.a.FirstRestApi [http-nio-8080-exec-3] Nikhil message log: vm39LQj8WQgoexzP5ugZ
2023-01-15 08:58:57,050 INFO c.n.c.d.h.a.FirstRestApi [http-nio-8080-exec-5] Nikhil message log: nStGiaK1qwK8SGoXwsOj
2023-01-15 08:58:57,160 INFO c.n.c.d.h.a.FirstRestApi [http-nio-8080-exec-4] Nikhil message log: mmu3tmXmwK6xv15iRvR9
2023-01-15 08:58:57,242 INFO c.n.c.d.h.a.FirstRestApi [http-nio-8080-exec-6] Nikhil message log: mXolRXUouSycPUbKI2Ws
2023-01-15 08:58:57,327 INFO c.n.c.d.h.a.FirstRestApi [http-nio-8080-exec-7] Nikhil message log: Cg1FU5Ad2rqVfyoEYuw3
2023-01-15 08:58:57,410 INFO c.n.c.d.h.a.FirstRestApi [http-nio-8080-exec-8] Nikhil message log: El2y9hnJo2ProW0Fz3th
2023-01-15 08:58:57,493 INFO c.n.c.d.h.a.FirstRestApi [http-nio-8080-exec-9] Nikhil message log: THwXEbImrn6CHiyxAeoj
2023-01-15 08:58:57,574 INFO c.n.c.d.h.a.FirstRestApi [http-nio-8080-exec-10] Nikhil message log: PA7SrACw8CauMn1V7kbQ
2023-01-15 08:58:57,662 INFO c.n.c.d.h.a.FirstRestApi [http-nio-8080-exec-1] Nikhil message log: 3rFM8fCdjOYnnRsilb3j
2023-01-15 08:58:57,807 INFO c.n.c.d.h.a.FirstRestApi [http-nio-8080-exec-2] Nikhil message log: DN2nV8ytR4JZBnwJxalF
2023-01-15 08:58:58,011 INFO c.n.c.d.h.a.FirstRestApi [http-nio-8080-exec-3] Nikhil message log: bCiOdN6RGSpwQlEcQtC0
2023-01-15 08:58:58,512 INFO c.n.c.d.h.a.FirstRestApi [http-nio-8080-exec-5] Nikhil message log: CJjEIsuMF9XNZv5aIQR8
2023-01-15 08:58:58,623 INFO c.n.c.d.h.a.FirstRestApi [http-nio-8080-exec-4] Nikhil message log: mkvXm4lYcee1DBbNz1X6
2023-01-15 08:58:58,705 INFO c.n.c.d.h.a.FirstRestApi [http-nio-8080-exec-6] Nikhil message log: LHA4PqpAsnf2lpw0Tgum
2023-01-15 08:58:58,788 INFO c.n.c.d.h.a.FirstRestApi [http-nio-8080-exec-7] Nikhil message log: faUKgZj0QFo8VlXgCa0e
2023-01-15 08:58:58,873 INFO c.n.c.d.h.a.FirstRestApi [http-nio-8080-exec-8] Nikhil message log: go5tSiqpNTg8WuGX13rr
2023-01-15 08:58:58,958 INFO c.n.c.d.h.a.FirstRestApi [http-nio-8080-exec-9] Nikhil message log: 9SBUqwwo4Pk6e5G82hQy
2023-01-15 08:58:59,039 INFO c.n.c.d.h.a.FirstRestApi [http-nio-8080-exec-10] Nikhil message log: slFUj0YEJFqEYDwVWDcr
2023-01-15 08:58:59,123 INFO c.n.c.d.h.a.FirstRestApi [http-nio-8080-exec-1] Nikhil message log: 07mD3o0EBr4tEfbfjUv1
2023-01-15 08:58:59,207 INFO c.n.c.d.h.a.FirstRestApi [http-nio-8080-exec-2] Nikhil message log: exId66nDnm35ox2kzVZ2
2023-01-15 08:58:59,288 INFO c.n.c.d.h.a.FirstRestApi [http-nio-8080-exec-3] Nikhil message log: izWLtyQN3vzZ65id2Scb
2023-01-15 08:58:59,375 INFO c.n.c.d.h.a.FirstRestApi [http-nio-8080-exec-5] Nikhil message log: ka9lsLGu1gkDwLEsWMoD
2023-01-15 08:58:59,456 INFO c.n.c.d.h.a.FirstRestApi [http-nio-8080-exec-4] Nikhil message log: AUJUPzgNoiwBDuQfrrdc
2023-01-15 08:58:59,540 INFO c.n.c.d.h.a.FirstRestApi [http-nio-8080-exec-6] Nikhil message log: go5YxhQrZKeqMHcBg2K8
2023-01-15 08:58:59,625 INFO c.n.c.d.h.a.FirstRestApi [http-nio-8080-exec-7] Nikhil message log: QAoujXR2fTS8FZu8LUM3
2023-01-15 08:58:59,834 INFO c.n.c.d.h.a.FirstRestApi [http-nio-8080-exec-8] Nikhil message log: KcJNaEOQLRLXEOrCpCCw
2023-01-15 08:59:00,058 INFO c.n.c.d.h.a.FirstRestApi [http-nio-8080-exec-9] Nikhil message log: Oi8hu431YTeX6MMq5oh8
2023-01-15 08:59:00,284 INFO c.n.c.d.h.a.FirstRestApi [http-nio-8080-exec-10] Nikhil message log: GE2LfwtqNC84597cnuRy
2023-01-15 08:59:00,464 INFO c.n.c.d.h.a.FirstRestApi [http-nio-8080-exec-1] Nikhil message log: nh0dFvd23Hx2fPGHkY9j
2023-01-15 08:59:00,965 INFO c.n.c.d.h.a.FirstRestApi [http-nio-8080-exec-2] Nikhil message log: zYU2wZ7YaNxGkx0DjT1X
2023-01-15 08:59:01,074 INFO c.n.c.d.h.a.FirstRestApi [http-nio-8080-exec-3] Nikhil message log: 4QheYZsKrav7FbZfspot
2023-01-15 08:59:01,159 INFO c.n.c.d.h.a.FirstRestApi [http-nio-8080-exec-5] Nikhil message log: VBhKtzdsti6x9yoeBJzv
2023-01-15 08:59:01,242 INFO c.n.c.d.h.a.FirstRestApi [http-nio-8080-exec-4] Nikhil message log: CQh0i2aQZf2Wwm8xkmM7
2023-01-15 08:59:01,325 INFO c.n.c.d.h.a.FirstRestApi [http-nio-8080-exec-6] Nikhil message log: dUO1dhQinNZ8gRbbDYCh
2023-01-15 08:59:01,407 INFO c.n.c.d.h.a.FirstRestApi [http-nio-8080-exec-7] Nikhil message log: M6aYUZbZSforLGhB8IrS
